This file contains any messages produced by compilers while
running configure, to aid debugging if configure makes a mistake.

It was created by haserl configure 0.9.26, which was
generated by GNU Autoconf 2.64.  Invocation command line was

  $ ./configure --prefix=/home/dwmcqueen/Projects/snake-os-8-22/snake-os/apps --build=arm-linux-uclibc --target=arm-linux-uclibc --host=i486-linux-gnu CFLAGS=-Os -frename-registers -march=armv4t

## --------- ##
## Platform. ##
## --------- ##

hostname = mcqueen-DEV
uname -m = x86_64
uname -r = 2.6.38-11-generic
uname -s = Linux
uname -v = #47-Ubuntu SMP Fri Jul 15 19:27:09 UTC 2011

/usr/bin/uname -p = unknown
/bin/uname -X     = unknown

/bin/arch              = unknown
/usr/bin/arch -k       = unknown
/usr/convex/getsysinfo = unknown
/usr/bin/hostinfo      = unknown
/bin/machine           = unknown
/usr/bin/oslevel       = unknown
/bin/universe          = unknown

PATH: /home/dwmcqueen/Projects/snake-os-8-22/snake-os/tools/arm-uclibc-3.4.6/bin
PATH: /usr/local/sbin
PATH: /usr/local/bin
PATH: /usr/sbin
PATH: /usr/bin
PATH: /sbin
PATH: /bin
PATH: /usr/games 
PATH: /home/dwmcqueen/Projects/snake-os-8-22/snake-os/tools/arm-uclibc-3.4.6/bin


## ----------- ##
## Core tests. ##
## ----------- ##

configure:2228: checking for a BSD-compatible install
configure:2296: result: /usr/bin/install -c
configure:2307: checking whether build environment is sane
configure:2344: result: yes
configure:2369: checking for a thread-safe mkdir -p
configure:2408: result: /bin/mkdir -p
configure:2421: checking for gawk
configure:2437: found /usr/bin/gawk
configure:2448: result: gawk
configure:2459: checking whether make sets $(MAKE)
configure:2481: result: yes
configure:2559: checking for i486-linux-gnu-strip
configure:2589: result: no
configure:2599: checking for strip
configure:2615: found /usr/bin/strip
configure:2626: result: strip
configure:2638: WARNING: using cross tools not prefixed with host triplet
configure:2673: checking for i486-linux-gnu-gcc
configure:2700: result: arm-linux-gcc
configure:2969: checking for C compiler version
configure:2978: arm-linux-gcc --version >&5
arm-linux-gcc (GCC) 3.4.6
Copyright (C) 2006 Free Software Foundation, Inc.
This is free software; see the source for copying conditions.  There is NO
warranty; not even for MERCHANTABILITY or FITNESS FOR A PARTICULAR PURPOSE.

configure:2989: $? = 0
configure:2978: arm-linux-gcc -v >&5
Reading specs from /home/dwmcqueen/Projects/snake-os-8-22/snake-os/tools/arm-uclibc-3.4.6/bin/../lib/gcc/arm-linux-uclibc/3.4.6/specs
Configured with: /home/project/CROSS_GCC/buildroot-20070310/toolchain_build_arm_nofpu/gcc-3.4.6/configure --prefix=/usr/local/arm-linux-uclibc-3.4.6 --build=i386-pc-linux-gnu --host=i386-pc-linux-gnu --target=arm-linux-uclibc --enable-languages=c,c++ --disable-__cxa_atexit --enable-target-optspace --with-gnu-ld --enable-shared --disable-nls --enable-threads --disable-multilib --with-float=soft : (reconfigured) /home/project/CROSS_GCC/buildroot-20070310/toolchain_build_arm_nofpu/gcc-3.4.6/configure --prefix=/usr/local/arm-linux-uclibc-3.4.6 --build=i386-pc-linux-gnu --host=i386-pc-linux-gnu --target=arm-linux-uclibc --enable-languages=c,c++ --disable-__cxa_atexit --enable-target-optspace --with-gnu-ld --enable-shared --disable-nls --enable-threads --disable-multilib --with-float=soft
Thread model: posix
gcc version 3.4.6
configure:2989: $? = 0
configure:2978: arm-linux-gcc -V >&5
arm-linux-gcc: `-V' option must have argument
configure:2989: $? = 1
configure:2978: arm-linux-gcc -qversion >&5
arm-linux-gcc: unrecognized option `-qversion'
arm-linux-gcc: no input files
configure:2989: $? = 1
configure:3011: checking for C compiler default output file name
configure:3033: arm-linux-gcc -Os -frename-registers -march=armv4t   conftest.c  >&5
configure:3037: $? = 0
configure:3074: result: a.out
configure:3090: checking whether the C compiler works
configure:3118: result: yes
configure:3125: checking whether we are cross compiling
configure:3127: result: yes
configure:3130: checking for suffix of executables
configure:3137: arm-linux-gcc -o conftest -Os -frename-registers -march=armv4t   conftest.c  >&5
configure:3141: $? = 0
configure:3163: result: 
configure:3169: checking for suffix of object files
configure:3191: arm-linux-gcc -c -Os -frename-registers -march=armv4t  conftest.c >&5
configure:3195: $? = 0
configure:3216: result: o
configure:3220: checking whether we are using the GNU C compiler
configure:3239: arm-linux-gcc -c -Os -frename-registers -march=armv4t  conftest.c >&5
configure:3239: $? = 0
configure:3248: result: yes
configure:3257: checking whether arm-linux-gcc accepts -g
configure:3277: arm-linux-gcc -c -g  conftest.c >&5
configure:3277: $? = 0
configure:3318: result: yes
configure:3335: checking for arm-linux-gcc option to accept ISO C89
configure:3399: arm-linux-gcc  -c -Os -frename-registers -march=armv4t  conftest.c >&5
configure:3399: $? = 0
configure:3412: result: none needed
configure:3443: checking for style of include used by make
configure:3471: result: GNU
configure:3496: checking dependency style of arm-linux-gcc
configure:3587: result: gcc3
configure:3603: checking whether ln -s works
configure:3607: result: yes
configure:3624: checking how to run the C preprocessor
configure:3655: arm-linux-gcc -E  conftest.c
configure:3655: $? = 0
configure:3669: arm-linux-gcc -E  conftest.c
conftest.c:11:28: ac_nonexistent.h: No such file or directory
configure:3669: $? = 1
configure: failed program was:
| /* confdefs.h */
| #define PACKAGE_NAME "haserl"
| #define PACKAGE_TARNAME "haserl"
| #define PACKAGE_VERSION "0.9.26"
| #define PACKAGE_STRING "haserl 0.9.26"
| #define PACKAGE_BUGREPORT "Nathan Angelacos <nangel@users.sourceforge.net>"
| #define PACKAGE_URL ""
| #define PACKAGE "haserl"
| #define VERSION "0.9.26"
| /* end confdefs.h.  */
| #include <ac_nonexistent.h>
configure:3694: result: arm-linux-gcc -E
configure:3714: arm-linux-gcc -E  conftest.c
configure:3714: $? = 0
configure:3728: arm-linux-gcc -E  conftest.c
conftest.c:11:28: ac_nonexistent.h: No such file or directory
configure:3728: $? = 1
configure: failed program was:
| /* confdefs.h */
| #define PACKAGE_NAME "haserl"
| #define PACKAGE_TARNAME "haserl"
| #define PACKAGE_VERSION "0.9.26"
| #define PACKAGE_STRING "haserl 0.9.26"
| #define PACKAGE_BUGREPORT "Nathan Angelacos <nangel@users.sourceforge.net>"
| #define PACKAGE_URL ""
| #define PACKAGE "haserl"
| #define VERSION "0.9.26"
| /* end confdefs.h.  */
| #include <ac_nonexistent.h>
configure:3757: checking for grep that handles long lines and -e
configure:3815: result: /bin/grep
configure:3820: checking for egrep
configure:3882: result: /bin/grep -E
configure:3887: checking for ANSI C header files
configure:3907: arm-linux-gcc -c -Os -frename-registers -march=armv4t  conftest.c >&5
configure:3907: $? = 0
configure:3991: result: yes
configure:4006: checking for sys/types.h
configure:4006: arm-linux-gcc -c -Os -frename-registers -march=armv4t  conftest.c >&5
configure:4006: $? = 0
configure:4006: result: yes
configure:4006: checking for sys/stat.h
configure:4006: arm-linux-gcc -c -Os -frename-registers -march=armv4t  conftest.c >&5
configure:4006: $? = 0
configure:4006: result: yes
configure:4006: checking for stdlib.h
configure:4006: arm-linux-gcc -c -Os -frename-registers -march=armv4t  conftest.c >&5
configure:4006: $? = 0
configure:4006: result: yes
configure:4006: checking for string.h
configure:4006: arm-linux-gcc -c -Os -frename-registers -march=armv4t  conftest.c >&5
configure:4006: $? = 0
configure:4006: result: yes
configure:4006: checking for memory.h
configure:4006: arm-linux-gcc -c -Os -frename-registers -march=armv4t  conftest.c >&5
configure:4006: $? = 0
configure:4006: result: yes
configure:4006: checking for strings.h
configure:4006: arm-linux-gcc -c -Os -frename-registers -march=armv4t  conftest.c >&5
configure:4006: $? = 0
configure:4006: result: yes
configure:4006: checking for inttypes.h
configure:4006: arm-linux-gcc -c -Os -frename-registers -march=armv4t  conftest.c >&5
configure:4006: $? = 0
configure:4006: result: yes
configure:4006: checking for stdint.h
configure:4006: arm-linux-gcc -c -Os -frename-registers -march=armv4t  conftest.c >&5
configure:4006: $? = 0
configure:4006: result: yes
configure:4006: checking for unistd.h
configure:4006: arm-linux-gcc -c -Os -frename-registers -march=armv4t  conftest.c >&5
configure:4006: $? = 0
configure:4006: result: yes
configure:4022: checking for stdlib.h
configure:4022: result: yes
configure:4022: checking for string.h
configure:4022: result: yes
configure:4022: checking for unistd.h
configure:4022: result: yes
configure:4022: checking signal.h usability
configure:4022: arm-linux-gcc -c -Os -frename-registers -march=armv4t  conftest.c >&5
configure:4022: $? = 0
configure:4022: result: yes
configure:4022: checking signal.h presence
configure:4022: arm-linux-gcc -E  conftest.c
configure:4022: $? = 0
configure:4022: result: yes
configure:4022: checking for signal.h
configure:4022: result: yes
configure:4035: checking for an ANSI C-conforming const
configure:4100: arm-linux-gcc -c -Os -frename-registers -march=armv4t  conftest.c >&5
configure:4100: $? = 0
configure:4107: result: yes
configure:4115: checking for size_t
configure:4115: arm-linux-gcc -c -Os -frename-registers -march=armv4t  conftest.c >&5
configure:4115: $? = 0
configure:4115: arm-linux-gcc -c -Os -frename-registers -march=armv4t  conftest.c >&5
conftest.c: In function `main':
conftest.c:61: error: syntax error before ')' token
configure:4115: $? = 1
configure: failed program was:
| /* confdefs.h */
| #define PACKAGE_NAME "haserl"
| #define PACKAGE_TARNAME "haserl"
| #define PACKAGE_VERSION "0.9.26"
| #define PACKAGE_STRING "haserl 0.9.26"
| #define PACKAGE_BUGREPORT "Nathan Angelacos <nangel@users.sourceforge.net>"
| #define PACKAGE_URL ""
| #define PACKAGE "haserl"
| #define VERSION "0.9.26"
| #define STDC_HEADERS 1
| #define HAVE_SYS_TYPES_H 1
| #define HAVE_SYS_STAT_H 1
| #define HAVE_STDLIB_H 1
| #define HAVE_STRING_H 1
| #define HAVE_MEMORY_H 1
| #define HAVE_STRINGS_H 1
| #define HAVE_INTTYPES_H 1
| #define HAVE_STDINT_H 1
| #define HAVE_UNISTD_H 1
| #define HAVE_STDLIB_H 1
| #define HAVE_STRING_H 1
| #define HAVE_UNISTD_H 1
| #define HAVE_SIGNAL_H 1
| /* end confdefs.h.  */
| #include <stdio.h>
| #ifdef HAVE_SYS_TYPES_H
| # include <sys/types.h>
| #endif
| #ifdef HAVE_SYS_STAT_H
| # include <sys/stat.h>
| #endif
| #ifdef STDC_HEADERS
| # include <stdlib.h>
| # include <stddef.h>
| #else
| # ifdef HAVE_STDLIB_H
| #  include <stdlib.h>
| # endif
| #endif
| #ifdef HAVE_STRING_H
| # if !defined STDC_HEADERS && defined HAVE_MEMORY_H
| #  include <memory.h>
| # endif
| # include <string.h>
| #endif
| #ifdef HAVE_STRINGS_H
| # include <strings.h>
| #endif
| #ifdef HAVE_INTTYPES_H
| # include <inttypes.h>
| #endif
| #ifdef HAVE_STDINT_H
| # include <stdint.h>
| #endif
| #ifdef HAVE_UNISTD_H
| # include <unistd.h>
| #endif
| int
| main ()
| {
| if (sizeof ((size_t)))
| 	    return 0;
|   ;
|   return 0;
| }
configure:4115: result: yes
configure:4128: checking for working memcmp
configure:4181: result: no
configure:4193: checking for memset
configure:4193: arm-linux-gcc -o conftest -Os -frename-registers -march=armv4t   conftest.c  >&5
conftest.c:48: warning: conflicting types for built-in function 'memset'
configure:4193: $? = 0
configure:4193: result: yes
configure:4193: checking for putenv
configure:4193: arm-linux-gcc -o conftest -Os -frename-registers -march=armv4t   conftest.c  >&5
configure:4193: $? = 0
configure:4193: result: yes
configure:4193: checking for strcasecmp
configure:4193: arm-linux-gcc -o conftest -Os -frename-registers -march=armv4t   conftest.c  >&5
configure:4193: $? = 0
configure:4193: result: yes
configure:4193: checking for strdup
configure:4193: arm-linux-gcc -o conftest -Os -frename-registers -march=armv4t   conftest.c  >&5
conftest.c:51: warning: conflicting types for built-in function 'strdup'
configure:4193: $? = 0
configure:4193: result: yes
configure:4193: checking for strncasecmp
configure:4193: arm-linux-gcc -o conftest -Os -frename-registers -march=armv4t   conftest.c  >&5
configure:4193: $? = 0
configure:4193: result: yes
configure:4193: checking for strstr
configure:4193: arm-linux-gcc -o conftest -Os -frename-registers -march=armv4t   conftest.c  >&5
conftest.c:53: warning: conflicting types for built-in function 'strstr'
configure:4193: $? = 0
configure:4193: result: yes
configure:4663: creating ./config.status

## ---------------------- ##
## Running config.status. ##
## ---------------------- ##

This file was extended by haserl config.status 0.9.26, which was
generated by GNU Autoconf 2.64.  Invocation command line was

  CONFIG_FILES    = 
  CONFIG_HEADERS  = 
  CONFIG_LINKS    = 
  CONFIG_COMMANDS = 
  $ ./config.status 

on mcqueen-DEV

config.status:871: creating Makefile
config.status:871: creating src/Makefile
config.status:871: creating doc/Makefile
config.status:871: creating tests/Makefile
config.status:871: creating src/config.h
config.status:1043: src/config.h is unchanged
config.status:1091: executing depfiles commands
configure:5979: result:
** Configuration summary for haserl 0.9.26:

	Building haserl with with lua disabled
	Building haserl with with bash-extensions disabled
	libs: 


## ---------------- ##
## Cache variables. ##
## ---------------- ##

ac_cv_c_compiler_gnu=yes
ac_cv_c_const=yes
ac_cv_env_CC_set=set
ac_cv_env_CC_value=arm-linux-gcc
ac_cv_env_CFLAGS_set=set
ac_cv_env_CFLAGS_value='-Os -frename-registers -march=armv4t'
ac_cv_env_CPPFLAGS_set=
ac_cv_env_CPPFLAGS_value=
ac_cv_env_CPP_set=
ac_cv_env_CPP_value=
ac_cv_env_LDFLAGS_set=
ac_cv_env_LDFLAGS_value=
ac_cv_env_LIBS_set=
ac_cv_env_LIBS_value=
ac_cv_env_build_alias_set=set
ac_cv_env_build_alias_value=arm-linux-uclibc
ac_cv_env_host_alias_set=set
ac_cv_env_host_alias_value=i486-linux-gnu
ac_cv_env_target_alias_set=set
ac_cv_env_target_alias_value=arm-linux-uclibc
ac_cv_func_memcmp_working=no
ac_cv_func_memset=yes
ac_cv_func_putenv=yes
ac_cv_func_strcasecmp=yes
ac_cv_func_strdup=yes
ac_cv_func_strncasecmp=yes
ac_cv_func_strstr=yes
ac_cv_header_inttypes_h=yes
ac_cv_header_memory_h=yes
ac_cv_header_signal_h=yes
ac_cv_header_stdc=yes
ac_cv_header_stdint_h=yes
ac_cv_header_stdlib_h=yes
ac_cv_header_string_h=yes
ac_cv_header_strings_h=yes
ac_cv_header_sys_stat_h=yes
ac_cv_header_sys_types_h=yes
ac_cv_header_unistd_h=yes
ac_cv_objext=o
ac_cv_path_EGREP='/bin/grep -E'
ac_cv_path_GREP=/bin/grep
ac_cv_path_install='/usr/bin/install -c'
ac_cv_path_mkdir=/bin/mkdir
ac_cv_prog_AWK=gawk
ac_cv_prog_CC=arm-linux-gcc
ac_cv_prog_CPP='arm-linux-gcc -E'
ac_cv_prog_ac_ct_STRIP=strip
ac_cv_prog_cc_c89=
ac_cv_prog_cc_g=yes
ac_cv_prog_make_make_set=yes
ac_cv_type_size_t=yes
am_cv_CC_dependencies_compiler_type=gcc3

## ----------------- ##
## Output variables. ##
## ----------------- ##

ACLOCAL='${SHELL} /home/dwmcqueen/Projects/snake-os-8-22/snake-os/apps/haserl/missing --run aclocal-1.10'
AMDEPBACKSLASH='\'
AMDEP_FALSE='#'
AMDEP_TRUE=''
AMTAR='${SHELL} /home/dwmcqueen/Projects/snake-os-8-22/snake-os/apps/haserl/missing --run tar'
AUTOCONF='${SHELL} /home/dwmcqueen/Projects/snake-os-8-22/snake-os/apps/haserl/missing --run autoconf'
AUTOHEADER='${SHELL} /home/dwmcqueen/Projects/snake-os-8-22/snake-os/apps/haserl/missing --run autoheader'
AUTOMAKE='${SHELL} /home/dwmcqueen/Projects/snake-os-8-22/snake-os/apps/haserl/missing --run automake-1.10'
AWK='gawk'
BASHEXTENSIONS_FALSE=''
BASHEXTENSIONS_TRUE='#'
CC='arm-linux-gcc'
CCDEPMODE='depmode=gcc3'
CFLAGS='-Os -frename-registers -march=armv4t -Wall'
CPP='arm-linux-gcc -E'
CPPFLAGS=''
CYGPATH_W='echo'
DEFS='-DHAVE_CONFIG_H'
DEPDIR='.deps'
ECHO_C=''
ECHO_N='-n'
ECHO_T=''
EGREP='/bin/grep -E'
EXEEXT=''
GREP='/bin/grep'
INCLUDE_BASHSHELL_FALSE='#'
INCLUDE_BASHSHELL_TRUE=''
INCLUDE_LUACSHELL_FALSE=''
INCLUDE_LUACSHELL_TRUE='#'
INCLUDE_LUASHELL_FALSE=''
INCLUDE_LUASHELL_TRUE='#'
INSTALL_DATA='${INSTALL} -m 644'
INSTALL_PROGRAM='${INSTALL}'
INSTALL_SCRIPT='${INSTALL}'
INSTALL_STRIP_PROGRAM='$(install_sh) -c -s'
LDFLAGS=''
LIBOBJS=' ${LIBOBJDIR}memcmp$U.o'
LIBS=''
LN_S='ln -s'
LTLIBOBJS=' ${LIBOBJDIR}memcmp$U.lo'
MAKEINFO='${SHELL} /home/dwmcqueen/Projects/snake-os-8-22/snake-os/apps/haserl/missing --run makeinfo'
MKDIR_P='/bin/mkdir -p'
OBJEXT='o'
PACKAGE='haserl'
PACKAGE_BUGREPORT='Nathan Angelacos <nangel@users.sourceforge.net>'
PACKAGE_NAME='haserl'
PACKAGE_STRING='haserl 0.9.26'
PACKAGE_TARNAME='haserl'
PACKAGE_URL=''
PACKAGE_VERSION='0.9.26'
PATH_SEPARATOR=':'
SET_MAKE=''
SHELL='/bin/bash'
STRIP='strip'
USE_LUA_FALSE=''
USE_LUA_TRUE='#'
VERSION='0.9.26'
ac_ct_CC=''
am__fastdepCC_FALSE='#'
am__fastdepCC_TRUE=''
am__include='include'
am__isrc=''
am__leading_dot='.'
am__quote=''
am__tar='${AMTAR} chof - "$$tardir"'
am__untar='${AMTAR} xf -'
bindir='${exec_prefix}/bin'
build_alias='arm-linux-uclibc'
datadir='${datarootdir}'
datarootdir='${prefix}/share'
docdir='${datarootdir}/doc/${PACKAGE_TARNAME}'
dvidir='${docdir}'
exec_prefix='${prefix}'
host_alias='i486-linux-gnu'
htmldir='${docdir}'
includedir='${prefix}/include'
infodir='${datarootdir}/info'
install_sh='$(SHELL) /home/dwmcqueen/Projects/snake-os-8-22/snake-os/apps/haserl/install-sh'
libdir='${exec_prefix}/lib'
libexecdir='${exec_prefix}/libexec'
localedir='${datarootdir}/locale'
localstatedir='${prefix}/var'
mandir='${datarootdir}/man'
mkdir_p='/bin/mkdir -p'
oldincludedir='/usr/include'
pdfdir='${docdir}'
prefix='/home/dwmcqueen/Projects/snake-os-8-22/snake-os/apps'
program_transform_name='s,x,x,'
psdir='${docdir}'
sbindir='${exec_prefix}/sbin'
sharedstatedir='${prefix}/com'
sysconfdir='${prefix}/etc'
target_alias='arm-linux-uclibc'

## ----------- ##
## confdefs.h. ##
## ----------- ##

/* confdefs.h */
#define PACKAGE_NAME "haserl"
#define PACKAGE_TARNAME "haserl"
#define PACKAGE_VERSION "0.9.26"
#define PACKAGE_STRING "haserl 0.9.26"
#define PACKAGE_BUGREPORT "Nathan Angelacos <nangel@users.sourceforge.net>"
#define PACKAGE_URL ""
#define PACKAGE "haserl"
#define VERSION "0.9.26"
#define STDC_HEADERS 1
#define HAVE_SYS_TYPES_H 1
#define HAVE_SYS_STAT_H 1
#define HAVE_STDLIB_H 1
#define HAVE_STRING_H 1
#define HAVE_MEMORY_H 1
#define HAVE_STRINGS_H 1
#define HAVE_INTTYPES_H 1
#define HAVE_STDINT_H 1
#define HAVE_UNISTD_H 1
#define HAVE_STDLIB_H 1
#define HAVE_STRING_H 1
#define HAVE_UNISTD_H 1
#define HAVE_SIGNAL_H 1
#define HAVE_MEMSET 1
#define HAVE_PUTENV 1
#define HAVE_STRCASECMP 1
#define HAVE_STRDUP 1
#define HAVE_STRNCASECMP 1
#define HAVE_STRSTR 1
#define _GNU_SOURCE /**/
#define INCLUDE_BASHSHELL /**/
#define SUBSHELL_CMD "/bin/sh"

configure: exit 0
